0 info it worked if it ends with ok
1 verbose cli [ '/home/ubuntu/.nvm/v0.10.35/bin/node',
1 verbose cli   '/home/ubuntu/.nvm/v0.10.35/bin/npm',
1 verbose cli   'install',
1 verbose cli   'Mocha' ]
2 info using npm@1.4.28
3 info using node@v0.10.35
4 verbose readDependencies using package.json deps
5 verbose cache add [ 'Mocha', null ]
6 verbose cache add name=undefined spec="Mocha" args=["Mocha",null]
7 verbose parsed url { protocol: null,
7 verbose parsed url   slashes: null,
7 verbose parsed url   auth: null,
7 verbose parsed url   host: null,
7 verbose parsed url   port: null,
7 verbose parsed url   hostname: null,
7 verbose parsed url   hash: null,
7 verbose parsed url   search: null,
7 verbose parsed url   query: null,
7 verbose parsed url   pathname: 'Mocha',
7 verbose parsed url   path: 'Mocha',
7 verbose parsed url   href: 'Mocha' }
8 silly lockFile 814d5c90-Mocha Mocha
9 verbose lock Mocha /home/ubuntu/.npm/814d5c90-Mocha.lock
10 silly lockFile 814d5c90-Mocha Mocha
11 silly lockFile 814d5c90-Mocha Mocha
12 verbose addNamed [ 'Mocha', '' ]
13 verbose addNamed [ null, '*' ]
14 silly lockFile e8e69631-Mocha Mocha@
15 verbose lock Mocha@ /home/ubuntu/.npm/e8e69631-Mocha.lock
16 silly addNameRange { name: 'Mocha', range: '*', hasData: false }
17 verbose request where is /Mocha
18 verbose request registry https://registry.npmjs.org/
19 verbose request id f6252abc8c2ae77f
20 verbose url raw /Mocha
21 verbose url resolving [ 'https://registry.npmjs.org/', './Mocha' ]
22 verbose url resolved https://registry.npmjs.org/Mocha
23 verbose request where is https://registry.npmjs.org/Mocha
24 info trying registry request attempt 1 at 10:20:27
25 http GET https://registry.npmjs.org/Mocha
26 http 404 https://registry.npmjs.org/Mocha
27 verbose headers { server: 'CouchDB/1.5.0 (Erlang OTP/R16B03)',
27 verbose headers   'content-type': 'application/json',
27 verbose headers   'cache-control': 'max-age=0',
27 verbose headers   'content-length': '51',
27 verbose headers   'accept-ranges': 'bytes',
27 verbose headers   date: 'Tue, 26 May 2015 10:20:28 GMT',
27 verbose headers   via: '1.1 varnish',
27 verbose headers   age: '0',
27 verbose headers   connection: 'keep-alive',
27 verbose headers   'x-served-by': 'cache-ams4138-AMS',
27 verbose headers   'x-cache': 'MISS',
27 verbose headers   'x-cache-hits': '0',
27 verbose headers   'x-timer': 'S1432635627.930200,VS0,VE387' }
28 silly registry.get cb [ 404,
28 silly registry.get   { server: 'CouchDB/1.5.0 (Erlang OTP/R16B03)',
28 silly registry.get     'content-type': 'application/json',
28 silly registry.get     'cache-control': 'max-age=0',
28 silly registry.get     'content-length': '51',
28 silly registry.get     'accept-ranges': 'bytes',
28 silly registry.get     date: 'Tue, 26 May 2015 10:20:28 GMT',
28 silly registry.get     via: '1.1 varnish',
28 silly registry.get     age: '0',
28 silly registry.get     connection: 'keep-alive',
28 silly registry.get     'x-served-by': 'cache-ams4138-AMS',
28 silly registry.get     'x-cache': 'MISS',
28 silly registry.get     'x-cache-hits': '0',
28 silly registry.get     'x-timer': 'S1432635627.930200,VS0,VE387' } ]
29 silly lockFile e8e69631-Mocha Mocha@
30 silly lockFile e8e69631-Mocha Mocha@
31 error 404 404 Not Found: Mocha
31 error 404
31 error 404 'Mocha' is not in the npm registry.
31 error 404 You should bug the author to publish it
31 error 404 It was specified as a dependency of 'query-js'
31 error 404
31 error 404 Note that you can also install from a
31 error 404 tarball, folder, or http url, or git url.
32 error System Linux 3.14.13-c9
33 error command "/home/ubuntu/.nvm/v0.10.35/bin/node" "/home/ubuntu/.nvm/v0.10.35/bin/npm" "install" "Mocha"
34 error cwd /home/ubuntu/workspace
35 error node -v v0.10.35
36 error npm -v 1.4.28
37 error code E404
38 verbose exit [ 1, true ]
